<?xml version="1.0" encoding="UTF-8"?>
<!-- Generated by org.testng.reporters.JUnitReportReporter -->
<testsuite hostname="DESKTOP-APUALTV" failures="0" tests="3" name="crossbrowserTESTNG.Verifypant" time="67.424" errors="0" timestamp="2023-02-23T12:24:29 IST" skipped="0">
  <testcase classname="crossbrowserTESTNG.Verifypant" name="verifytobuyMithraWarpuppant" time="19.518"/>
  <system-out/>
  <testcase classname="crossbrowserTESTNG.Verifypant" name="verifytobuyMithraWarpuppant" time="23.908"/>
  <system-out/>
  <testcase classname="crossbrowserTESTNG.Verifypant" name="verifytobuyMithraWarpuppant" time="23.998"/>
  <system-out/>
</testsuite> <!-- crossbrowserTESTNG.Verifypant -->
